<?xml version="1.0" encoding="UTF-8"?>
<testsuites>
  <testsuite name="Application Test Suite" tests="16" assertions="53" errors="0" failures="0" skipped="0" time="10.701506">
    <testsuite name="Askedio\Tests\IntegrationTest" file="/Users/mario/Documents/proyectos/laravel5-soft-cascade/tests/IntegrationTest.php" tests="16" assertions="53" errors="0" failures="0" skipped="0" time="10.701506">
      <testcase name="testBelongsToManyRelation" class="Askedio\Tests\IntegrationTest" classname="Askedio.Tests.IntegrationTest" file="/Users/mario/Documents/proyectos/laravel5-soft-cascade/tests/IntegrationTest.php" line="118" assertions="16" time="2.118217"/>
      <testcase name="testPolymorphicManyRelation" class="Askedio\Tests\IntegrationTest" classname="Askedio.Tests.IntegrationTest" file="/Users/mario/Documents/proyectos/laravel5-soft-cascade/tests/IntegrationTest.php" line="131" assertions="4" time="0.497265"/>
      <testcase name="testReportPolymorphicManyRelation" class="Askedio\Tests\IntegrationTest" classname="Askedio.Tests.IntegrationTest" file="/Users/mario/Documents/proyectos/laravel5-soft-cascade/tests/IntegrationTest.php" line="143" assertions="2" time="0.561711"/>
      <testcase name="testPolymorphicOneRelation" class="Askedio\Tests\IntegrationTest" classname="Askedio.Tests.IntegrationTest" file="/Users/mario/Documents/proyectos/laravel5-soft-cascade/tests/IntegrationTest.php" line="154" assertions="2" time="0.552992"/>
      <testcase name="testRestorePolymorphicOneRelation" class="Askedio\Tests\IntegrationTest" classname="Askedio.Tests.IntegrationTest" file="/Users/mario/Documents/proyectos/laravel5-soft-cascade/tests/IntegrationTest.php" line="164" assertions="4" time="0.635665"/>
      <testcase name="testBadRelation" class="Askedio\Tests\IntegrationTest" classname="Askedio.Tests.IntegrationTest" file="/Users/mario/Documents/proyectos/laravel5-soft-cascade/tests/IntegrationTest.php" line="177" assertions="1" time="0.447090"/>
      <testcase name="testBadRelationB" class="Askedio\Tests\IntegrationTest" classname="Askedio.Tests.IntegrationTest" file="/Users/mario/Documents/proyectos/laravel5-soft-cascade/tests/IntegrationTest.php" line="185" assertions="1" time="0.417375"/>
      <testcase name="testDelete" class="Askedio\Tests\IntegrationTest" classname="Askedio.Tests.IntegrationTest" file="/Users/mario/Documents/proyectos/laravel5-soft-cascade/tests/IntegrationTest.php" line="193" assertions="3" time="0.560573"/>
      <testcase name="testDeleteQueryBuilder" class="Askedio\Tests\IntegrationTest" classname="Askedio.Tests.IntegrationTest" file="/Users/mario/Documents/proyectos/laravel5-soft-cascade/tests/IntegrationTest.php" line="204" assertions="3" time="0.502127"/>
      <testcase name="testRestore" class="Askedio\Tests\IntegrationTest" classname="Askedio.Tests.IntegrationTest" file="/Users/mario/Documents/proyectos/laravel5-soft-cascade/tests/IntegrationTest.php" line="215" assertions="3" time="0.754840"/>
      <testcase name="testRestoreQueryBuilder" class="Askedio\Tests\IntegrationTest" classname="Askedio.Tests.IntegrationTest" file="/Users/mario/Documents/proyectos/laravel5-soft-cascade/tests/IntegrationTest.php" line="227" assertions="3" time="0.753918"/>
      <testcase name="testMultipleDelete" class="Askedio\Tests\IntegrationTest" classname="Askedio.Tests.IntegrationTest" file="/Users/mario/Documents/proyectos/laravel5-soft-cascade/tests/IntegrationTest.php" line="239" assertions="4" time="0.638231"/>
      <testcase name="testMultipleRestore" class="Askedio\Tests\IntegrationTest" classname="Askedio.Tests.IntegrationTest" file="/Users/mario/Documents/proyectos/laravel5-soft-cascade/tests/IntegrationTest.php" line="253" assertions="4" time="0.932846"/>
      <testcase name="testRestrictedRelationWithoutRestrictedRows" class="Askedio\Tests\IntegrationTest" classname="Askedio.Tests.IntegrationTest" file="/Users/mario/Documents/proyectos/laravel5-soft-cascade/tests/IntegrationTest.php" line="270" assertions="1" time="0.389197"/>
      <testcase name="testRestrictedRelation" class="Askedio\Tests\IntegrationTest" classname="Askedio.Tests.IntegrationTest" file="/Users/mario/Documents/proyectos/laravel5-soft-cascade/tests/IntegrationTest.php" line="278" assertions="1" time="0.491383"/>
      <testcase name="testInexistentRestrictedAction" class="Askedio\Tests\IntegrationTest" classname="Askedio.Tests.IntegrationTest" file="/Users/mario/Documents/proyectos/laravel5-soft-cascade/tests/IntegrationTest.php" line="285" assertions="1" time="0.448076"/>
    </testsuite>
  </testsuite>
</testsuites>
